This file contains any messages produced by compilers while
running configure, to aid debugging if configure makes a mistake.

It was created by orionsocket configure 0.1, which was
generated by GNU Autoconf 2.63.  Invocation command line was

  $ ./configure 

## --------- ##
## Platform. ##
## --------- ##

hostname = localhost.localdomain
uname -m = i686
uname -r = 2.6.32.12-115.fc12.i686
uname -s = Linux
uname -v = #1 SMP Fri Apr 30 20:34:53 UTC 2010

/usr/bin/uname -p = unknown
/bin/uname -X     = unknown

/bin/arch              = i686
/usr/bin/arch -k       = unknown
/usr/convex/getsysinfo = unknown
/usr/bin/hostinfo      = unknown
/bin/machine           = unknown
/usr/bin/oslevel       = unknown
/bin/universe          = unknown

PATH: /usr/lib/qt-3.3/bin
PATH: /usr/kerberos/sbin
PATH: /usr/kerberos/bin
PATH: /usr/local/bin
PATH: /usr/bin
PATH: /bin
PATH: /usr/local/sbin
PATH: /usr/sbin
PATH: /sbin
PATH: /home/i4k/bin


## ----------- ##
## Core tests. ##
## ----------- ##

configure:1871: checking for a BSD-compatible install
configure:1939: result: /usr/bin/install -c
configure:1950: checking whether build environment is sane
configure:2010: result: yes
configure:2151: checking for a thread-safe mkdir -p
configure:2190: result: /bin/mkdir -p
configure:2203: checking for gawk
configure:2219: found /usr/bin/gawk
configure:2230: result: gawk
configure:2241: checking whether make sets $(MAKE)
configure:2263: result: yes
configure:2398: checking for gcc
configure:2414: found /usr/bin/gcc
configure:2425: result: gcc
configure:2657: checking for C compiler version
configure:2665: gcc --version >&5
gcc (GCC) 4.4.3 20100127 (Red Hat 4.4.3-4)
Copyright (C) 2010 Free Software Foundation, Inc.
This is free software; see the source for copying conditions.  There is NO
warranty; not even for MERCHANTABILITY or FITNESS FOR A PARTICULAR PURPOSE.

configure:2669: $? = 0
configure:2676: gcc -v >&5
Using built-in specs.
Target: i686-redhat-linux
Configured with: ../configure --prefix=/usr --mandir=/usr/share/man --infodir=/usr/share/info --with-bugurl=http://bugzilla.redhat.com/bugzilla --enable-bootstrap --enable-shared --enable-threads=posix --enable-checking=release --with-system-zlib --enable-__cxa_atexit --disable-libunwind-exceptions --enable-gnu-unique-object --enable-languages=c,c++,objc,obj-c++,java,fortran,ada --enable-java-awt=gtk --disable-dssi --enable-plugin --with-java-home=/usr/lib/jvm/java-1.5.0-gcj-1.5.0.0/jre --enable-libgcj-multifile --enable-java-maintainer-mode --with-ecj-jar=/usr/share/java/eclipse-ecj.jar --disable-libjava-multilib --with-ppl --with-cloog --with-tune=generic --with-arch=i686 --build=i686-redhat-linux
Thread model: posix
gcc version 4.4.3 20100127 (Red Hat 4.4.3-4) (GCC) 
configure:2680: $? = 0
configure:2687: gcc -V >&5
gcc: '-V' option must have argument
configure:2691: $? = 1
configure:2714: checking for C compiler default output file name
configure:2736: gcc    conftest.c  >&5
configure:2740: $? = 0
configure:2778: result: a.out
configure:2797: checking whether the C compiler works
configure:2807: ./a.out
configure:2811: $? = 0
configure:2830: result: yes
configure:2837: checking whether we are cross compiling
configure:2839: result: no
configure:2842: checking for suffix of executables
configure:2849: gcc -o conftest    conftest.c  >&5
configure:2853: $? = 0
configure:2879: result: 
configure:2885: checking for suffix of object files
configure:2911: gcc -c   conftest.c >&5
configure:2915: $? = 0
configure:2940: result: o
configure:2944: checking whether we are using the GNU C compiler
configure:2973: gcc -c   conftest.c >&5
configure:2980: $? = 0
configure:2997: result: yes
configure:3006: checking whether gcc accepts -g
configure:3036: gcc -c -g  conftest.c >&5
configure:3043: $? = 0
configure:3144: result: yes
configure:3161: checking for gcc option to accept ISO C89
configure:3235: gcc  -c -g -O2  conftest.c >&5
configure:3242: $? = 0
configure:3265: result: none needed
configure:3294: checking for style of include used by make
configure:3322: result: GNU
configure:3347: checking dependency style of gcc
configure:3457: result: gcc3
configure:3482: checking how to run the C preprocessor
configure:3522: gcc -E  conftest.c
configure:3529: $? = 0
configure:3560: gcc -E  conftest.c
conftest.c:10:28: error: ac_nonexistent.h: No such file or directory
configure:3567: $? = 1
configure: failed program was:
| /* confdefs.h.  */
| #define PACKAGE_NAME "orionsocket"
| #define PACKAGE_TARNAME "orionsocket"
| #define PACKAGE_VERSION "0.1"
| #define PACKAGE_STRING "orionsocket 0.1"
| #define PACKAGE_BUGREPORT "tiago4orion@gmail.com"
| #define PACKAGE "orionsocket"
| #define VERSION "0.1"
| /* end confdefs.h.  */
| #include <ac_nonexistent.h>
configure:3600: result: gcc -E
configure:3629: gcc -E  conftest.c
configure:3636: $? = 0
configure:3667: gcc -E  conftest.c
conftest.c:10:28: error: ac_nonexistent.h: No such file or directory
configure:3674: $? = 1
configure: failed program was:
| /* confdefs.h.  */
| #define PACKAGE_NAME "orionsocket"
| #define PACKAGE_TARNAME "orionsocket"
| #define PACKAGE_VERSION "0.1"
| #define PACKAGE_STRING "orionsocket 0.1"
| #define PACKAGE_BUGREPORT "tiago4orion@gmail.com"
| #define PACKAGE "orionsocket"
| #define VERSION "0.1"
| /* end confdefs.h.  */
| #include <ac_nonexistent.h>
configure:3714: checking for grep that handles long lines and -e
configure:3774: result: /bin/grep
configure:3779: checking for egrep
configure:3843: result: /bin/grep -E
configure:3848: checking for ANSI C header files
configure:3878: gcc -c -g -O2  conftest.c >&5
configure:3885: $? = 0
configure:3984: gcc -o conftest -g -O2   conftest.c  >&5
configure:3988: $? = 0
configure:3994: ./conftest
configure:3998: $? = 0
configure:4016: result: yes
configure:4040: checking for sys/types.h
configure:4061: gcc -c -g -O2  conftest.c >&5
configure:4068: $? = 0
configure:4085: result: yes
configure:4040: checking for sys/stat.h
configure:4061: gcc -c -g -O2  conftest.c >&5
configure:4068: $? = 0
configure:4085: result: yes
configure:4040: checking for stdlib.h
configure:4061: gcc -c -g -O2  conftest.c >&5
configure:4068: $? = 0
configure:4085: result: yes
configure:4040: checking for string.h
configure:4061: gcc -c -g -O2  conftest.c >&5
configure:4068: $? = 0
configure:4085: result: yes
configure:4040: checking for memory.h
configure:4061: gcc -c -g -O2  conftest.c >&5
configure:4068: $? = 0
configure:4085: result: yes
configure:4040: checking for strings.h
configure:4061: gcc -c -g -O2  conftest.c >&5
configure:4068: $? = 0
configure:4085: result: yes
configure:4040: checking for inttypes.h
configure:4061: gcc -c -g -O2  conftest.c >&5
configure:4068: $? = 0
configure:4085: result: yes
configure:4040: checking for stdint.h
configure:4061: gcc -c -g -O2  conftest.c >&5
configure:4068: $? = 0
configure:4085: result: yes
configure:4040: checking for unistd.h
configure:4061: gcc -c -g -O2  conftest.c >&5
configure:4068: $? = 0
configure:4085: result: yes
configure:4122: checking arpa/inet.h usability
configure:4139: gcc -c -g -O2  conftest.c >&5
configure:4146: $? = 0
configure:4160: result: yes
configure:4164: checking arpa/inet.h presence
configure:4179: gcc -E  conftest.c
configure:4186: $? = 0
configure:4200: result: yes
configure:4233: checking for arpa/inet.h
configure:4242: result: yes
configure:4122: checking netdb.h usability
configure:4139: gcc -c -g -O2  conftest.c >&5
configure:4146: $? = 0
configure:4160: result: yes
configure:4164: checking netdb.h presence
configure:4179: gcc -E  conftest.c
configure:4186: $? = 0
configure:4200: result: yes
configure:4233: checking for netdb.h
configure:4242: result: yes
configure:4122: checking netinet/in.h usability
configure:4139: gcc -c -g -O2  conftest.c >&5
configure:4146: $? = 0
configure:4160: result: yes
configure:4164: checking netinet/in.h presence
configure:4179: gcc -E  conftest.c
configure:4186: $? = 0
configure:4200: result: yes
configure:4233: checking for netinet/in.h
configure:4242: result: yes
configure:4111: checking for stdint.h
configure:4118: result: yes
configure:4111: checking for stdlib.h
configure:4118: result: yes
configure:4111: checking for string.h
configure:4118: result: yes
configure:4122: checking sys/socket.h usability
configure:4139: gcc -c -g -O2  conftest.c >&5
configure:4146: $? = 0
configure:4160: result: yes
configure:4164: checking sys/socket.h presence
configure:4179: gcc -E  conftest.c
configure:4186: $? = 0
configure:4200: result: yes
configure:4233: checking for sys/socket.h
configure:4242: result: yes
configure:4111: checking for unistd.h
configure:4118: result: yes
configure:4259: checking for size_t
configure:4287: gcc -c -g -O2  conftest.c >&5
configure:4294: $? = 0
configure:4321: gcc -c -g -O2  conftest.c >&5
conftest.c: In function 'main':
conftest.c:64: error: expected expression before ')' token
configure:4328: $? = 1
configure: failed program was:
| /* confdefs.h.  */
| #define PACKAGE_NAME "orionsocket"
| #define PACKAGE_TARNAME "orionsocket"
| #define PACKAGE_VERSION "0.1"
| #define PACKAGE_STRING "orionsocket 0.1"
| #define PACKAGE_BUGREPORT "tiago4orion@gmail.com"
| #define PACKAGE "orionsocket"
| #define VERSION "0.1"
| #define STDC_HEADERS 1
| #define HAVE_SYS_TYPES_H 1
| #define HAVE_SYS_STAT_H 1
| #define HAVE_STDLIB_H 1
| #define HAVE_STRING_H 1
| #define HAVE_MEMORY_H 1
| #define HAVE_STRINGS_H 1
| #define HAVE_INTTYPES_H 1
| #define HAVE_STDINT_H 1
| #define HAVE_UNISTD_H 1
| #define HAVE_ARPA_INET_H 1
| #define HAVE_NETDB_H 1
| #define HAVE_NETINET_IN_H 1
| #define HAVE_STDINT_H 1
| #define HAVE_STDLIB_H 1
| #define HAVE_STRING_H 1
| #define HAVE_SYS_SOCKET_H 1
| #define HAVE_UNISTD_H 1
| /* end confdefs.h.  */
| #include <stdio.h>
| #ifdef HAVE_SYS_TYPES_H
| # include <sys/types.h>
| #endif
| #ifdef HAVE_SYS_STAT_H
| # include <sys/stat.h>
| #endif
| #ifdef STDC_HEADERS
| # include <stdlib.h>
| # include <stddef.h>
| #else
| # ifdef HAVE_STDLIB_H
| #  include <stdlib.h>
| # endif
| #endif
| #ifdef HAVE_STRING_H
| # if !defined STDC_HEADERS && defined HAVE_MEMORY_H
| #  include <memory.h>
| # endif
| # include <string.h>
| #endif
| #ifdef HAVE_STRINGS_H
| # include <strings.h>
| #endif
| #ifdef HAVE_INTTYPES_H
| # include <inttypes.h>
| #endif
| #ifdef HAVE_STDINT_H
| # include <stdint.h>
| #endif
| #ifdef HAVE_UNISTD_H
| # include <unistd.h>
| #endif
| int
| main ()
| {
| if (sizeof ((size_t)))
| 	  return 0;
|   ;
|   return 0;
| }
configure:4351: result: yes
configure:4364: checking for uint16_t
configure:4395: gcc -c -g -O2  conftest.c >&5
configure:4402: $? = 0
configure:4423: result: yes
configure:4437: checking for uint32_t
configure:4468: gcc -c -g -O2  conftest.c >&5
configure:4475: $? = 0
configure:4496: result: yes
configure:4514: checking for uint8_t
configure:4545: gcc -c -g -O2  conftest.c >&5
configure:4552: $? = 0
configure:4573: result: yes
configure:4597: checking for stdlib.h
configure:4604: result: yes
configure:4743: checking for GNU libc compatible malloc
configure:4777: gcc -o conftest -g -O2   conftest.c  >&5
configure:4781: $? = 0
configure:4787: ./conftest
configure:4791: $? = 0
configure:4808: result: yes
configure:4841: checking for stdlib.h
configure:4848: result: yes
configure:4987: checking for GNU libc compatible realloc
configure:5021: gcc -o conftest -g -O2   conftest.c  >&5
configure:5025: $? = 0
configure:5031: ./conftest
configure:5035: $? = 0
configure:5052: result: yes
configure:5088: checking for bzero
configure:5144: gcc -o conftest -g -O2   conftest.c  >&5
conftest.c:55: warning: conflicting types for built-in function 'bzero'
configure:5151: $? = 0
configure:5173: result: yes
configure:5088: checking for gethostbyname
configure:5144: gcc -o conftest -g -O2   conftest.c  >&5
configure:5151: $? = 0
configure:5173: result: yes
configure:5088: checking for inet_ntoa
configure:5144: gcc -o conftest -g -O2   conftest.c  >&5
configure:5151: $? = 0
configure:5173: result: yes
configure:5088: checking for memset
configure:5144: gcc -o conftest -g -O2   conftest.c  >&5
conftest.c:58: warning: conflicting types for built-in function 'memset'
configure:5151: $? = 0
configure:5173: result: yes
configure:5088: checking for socket
configure:5144: gcc -o conftest -g -O2   conftest.c  >&5
configure:5151: $? = 0
configure:5173: result: yes
configure:5312: creating ./config.status

## ---------------------- ##
## Running config.status. ##
## ---------------------- ##

This file was extended by orionsocket config.status 0.1, which was
generated by GNU Autoconf 2.63.  Invocation command line was

  CONFIG_FILES    = 
  CONFIG_HEADERS  = 
  CONFIG_LINKS    = 
  CONFIG_COMMANDS = 
  $ ./config.status 

on localhost.localdomain

config.status:789: creating Makefile
config.status:789: creating src/Makefile
config.status:789: creating config.h
config.status:1063: executing depfiles commands

## ---------------- ##
## Cache variables. ##
## ---------------- ##

ac_cv_c_compiler_gnu=yes
ac_cv_c_uint16_t=yes
ac_cv_c_uint32_t=yes
ac_cv_c_uint8_t=yes
ac_cv_env_CC_set=
ac_cv_env_CC_value=
ac_cv_env_CFLAGS_set=
ac_cv_env_CFLAGS_value=
ac_cv_env_CPPFLAGS_set=
ac_cv_env_CPPFLAGS_value=
ac_cv_env_CPP_set=
ac_cv_env_CPP_value=
ac_cv_env_LDFLAGS_set=
ac_cv_env_LDFLAGS_value=
ac_cv_env_LIBS_set=
ac_cv_env_LIBS_value=
ac_cv_env_build_alias_set=
ac_cv_env_build_alias_value=
ac_cv_env_host_alias_set=
ac_cv_env_host_alias_value=
ac_cv_env_target_alias_set=
ac_cv_env_target_alias_value=
ac_cv_func_bzero=yes
ac_cv_func_gethostbyname=yes
ac_cv_func_inet_ntoa=yes
ac_cv_func_malloc_0_nonnull=yes
ac_cv_func_memset=yes
ac_cv_func_realloc_0_nonnull=yes
ac_cv_func_socket=yes
ac_cv_header_arpa_inet_h=yes
ac_cv_header_inttypes_h=yes
ac_cv_header_memory_h=yes
ac_cv_header_netdb_h=yes
ac_cv_header_netinet_in_h=yes
ac_cv_header_stdc=yes
ac_cv_header_stdint_h=yes
ac_cv_header_stdlib_h=yes
ac_cv_header_string_h=yes
ac_cv_header_strings_h=yes
ac_cv_header_sys_socket_h=yes
ac_cv_header_sys_stat_h=yes
ac_cv_header_sys_types_h=yes
ac_cv_header_unistd_h=yes
ac_cv_objext=o
ac_cv_path_EGREP='/bin/grep -E'
ac_cv_path_GREP=/bin/grep
ac_cv_path_install='/usr/bin/install -c'
ac_cv_path_mkdir=/bin/mkdir
ac_cv_prog_AWK=gawk
ac_cv_prog_CPP='gcc -E'
ac_cv_prog_ac_ct_CC=gcc
ac_cv_prog_cc_c89=
ac_cv_prog_cc_g=yes
ac_cv_prog_make_make_set=yes
ac_cv_type_size_t=yes
am_cv_CC_dependencies_compiler_type=gcc3

## ----------------- ##
## Output variables. ##
## ----------------- ##

ACLOCAL='${SHELL} /home/i4k/programacao/orionsocket/missing --run aclocal-1.11'
AMDEPBACKSLASH='\'
AMDEP_FALSE='#'
AMDEP_TRUE=''
AMTAR='${SHELL} /home/i4k/programacao/orionsocket/missing --run tar'
AUTOCONF='${SHELL} /home/i4k/programacao/orionsocket/missing --run autoconf'
AUTOHEADER='${SHELL} /home/i4k/programacao/orionsocket/missing --run autoheader'
AUTOMAKE='${SHELL} /home/i4k/programacao/orionsocket/missing --run automake-1.11'
AWK='gawk'
CC='gcc'
CCDEPMODE='depmode=gcc3'
CFLAGS='-g -O2'
CPP='gcc -E'
CPPFLAGS=''
CYGPATH_W='echo'
DEFS='-DHAVE_CONFIG_H'
DEPDIR='.deps'
ECHO_C=''
ECHO_N='-n'
ECHO_T=''
EGREP='/bin/grep -E'
EXEEXT=''
GREP='/bin/grep'
INSTALL_DATA='${INSTALL} -m 644'
INSTALL_PROGRAM='${INSTALL}'
INSTALL_SCRIPT='${INSTALL}'
INSTALL_STRIP_PROGRAM='$(install_sh) -c -s'
LDFLAGS=''
LIBOBJS=''
LIBS=''
LTLIBOBJS=''
MAKEINFO='${SHELL} /home/i4k/programacao/orionsocket/missing --run makeinfo'
MKDIR_P='/bin/mkdir -p'
OBJEXT='o'
PACKAGE='orionsocket'
PACKAGE_BUGREPORT='tiago4orion@gmail.com'
PACKAGE_NAME='orionsocket'
PACKAGE_STRING='orionsocket 0.1'
PACKAGE_TARNAME='orionsocket'
PACKAGE_VERSION='0.1'
PATH_SEPARATOR=':'
SET_MAKE=''
SHELL='/bin/sh'
STRIP=''
VERSION='0.1'
ac_ct_CC='gcc'
am__EXEEXT_FALSE=''
am__EXEEXT_TRUE='#'
am__fastdepCC_FALSE='#'
am__fastdepCC_TRUE=''
am__include='include'
am__isrc=''
am__leading_dot='.'
am__quote=''
am__tar='${AMTAR} chof - "$$tardir"'
am__untar='${AMTAR} xf -'
bindir='${exec_prefix}/bin'
build_alias=''
datadir='${datarootdir}'
datarootdir='${prefix}/share'
docdir='${datarootdir}/doc/${PACKAGE_TARNAME}'
dvidir='${docdir}'
exec_prefix='${prefix}'
host_alias=''
htmldir='${docdir}'
includedir='${prefix}/include'
infodir='${datarootdir}/info'
install_sh='${SHELL} /home/i4k/programacao/orionsocket/install-sh'
libdir='${exec_prefix}/lib'
libexecdir='${exec_prefix}/libexec'
localedir='${datarootdir}/locale'
localstatedir='${prefix}/var'
mandir='${datarootdir}/man'
mkdir_p='/bin/mkdir -p'
oldincludedir='/usr/include'
pdfdir='${docdir}'
prefix='/usr/local'
program_transform_name='s,x,x,'
psdir='${docdir}'
sbindir='${exec_prefix}/sbin'
sharedstatedir='${prefix}/com'
sysconfdir='${prefix}/etc'
target_alias=''

## ----------- ##
## confdefs.h. ##
## ----------- ##

#define PACKAGE_NAME "orionsocket"
#define PACKAGE_TARNAME "orionsocket"
#define PACKAGE_VERSION "0.1"
#define PACKAGE_STRING "orionsocket 0.1"
#define PACKAGE_BUGREPORT "tiago4orion@gmail.com"
#define PACKAGE "orionsocket"
#define VERSION "0.1"
#define STDC_HEADERS 1
#define HAVE_SYS_TYPES_H 1
#define HAVE_SYS_STAT_H 1
#define HAVE_STDLIB_H 1
#define HAVE_STRING_H 1
#define HAVE_MEMORY_H 1
#define HAVE_STRINGS_H 1
#define HAVE_INTTYPES_H 1
#define HAVE_STDINT_H 1
#define HAVE_UNISTD_H 1
#define HAVE_ARPA_INET_H 1
#define HAVE_NETDB_H 1
#define HAVE_NETINET_IN_H 1
#define HAVE_STDINT_H 1
#define HAVE_STDLIB_H 1
#define HAVE_STRING_H 1
#define HAVE_SYS_SOCKET_H 1
#define HAVE_UNISTD_H 1
#define HAVE_STDLIB_H 1
#define HAVE_MALLOC 1
#define HAVE_STDLIB_H 1
#define HAVE_REALLOC 1
#define HAVE_BZERO 1
#define HAVE_GETHOSTBYNAME 1
#define HAVE_INET_NTOA 1
#define HAVE_MEMSET 1
#define HAVE_SOCKET 1

configure: exit 0
